<?xml version="1.0" encoding="UTF-8"?>
<!-- Generated by org.testng.reporters.JUnitReportReporter -->
<testsuite hostname="LAPTOP-INVDEND0" failures="0" tests="4" name="TestYahoo.LoginTest" time="25.041" errors="0" timestamp="2023-07-30T19:00:50 IST" skipped="0">
  <testcase classname="TestYahoo.LoginTest" name="SeCo" time="8.615"/>
  <testcase classname="TestYahoo.LoginTest" name="enterDetails" time="5.599"/>
  <testcase classname="TestYahoo.LoginTest" name="phoneNumber" time="6.548"/>
  <testcase classname="TestYahoo.LoginTest" name="TandC" time="4.279"/>
</testsuite> <!-- TestYahoo.LoginTest -->
